c:\users\elpter\desktop\chinesechess-debug\chinesechess 2020-7-19 unfix\chinesechess\dist\chinesechess.ipdb
c:\users\elpter\desktop\chinesechess-debug\chinesechess 2020-7-19 unfix\chinesechess\dist\chinesechess.iobj
c:\users\elpter\desktop\chinesechess-debug\chinesechess 2020-7-19 unfix\chinesechess\chinesechess\release\vc142.pdb
c:\users\elpter\desktop\chinesechess-debug\chinesechess 2020-7-19 unfix\chinesechess\chinesechess\release\thread.obj
c:\users\elpter\desktop\chinesechess-debug\chinesechess 2020-7-19 unfix\chinesechess\chinesechess\release\search.obj
c:\users\elpter\desktop\chinesechess-debug\chinesechess 2020-7-19 unfix\chinesechess\chinesechess\release\register.obj
c:\users\elpter\desktop\chinesechess-debug\chinesechess 2020-7-19 unfix\chinesechess\chinesechess\release\main.obj
c:\users\elpter\desktop\chinesechess-debug\chinesechess 2020-7-19 unfix\chinesechess\chinesechess\release\gui.obj
c:\users\elpter\desktop\chinesechess-debug\chinesechess 2020-7-19 unfix\chinesechess\chinesechess\release\evaluate.obj
c:\users\elpter\desktop\chinesechess-debug\chinesechess 2020-7-19 unfix\chinesechess\chinesechess\release\editcontrol_append.obj
c:\users\elpter\desktop\chinesechess-debug\chinesechess 2020-7-19 unfix\chinesechess\chinesechess\release\debug.obj
c:\users\elpter\desktop\chinesechess-debug\chinesechess 2020-7-19 unfix\chinesechess\chinesechess\release\crule.obj
c:\users\elpter\desktop\chinesechess-debug\chinesechess 2020-7-19 unfix\chinesechess\chinesechess\release\arr_board.obj
c:\users\elpter\desktop\chinesechess-debug\chinesechess 2020-7-19 unfix\chinesechess\chinesechess\release\api.obj
c:\users\elpter\desktop\chinesechess-debug\chinesechess 2020-7-19 unfix\chinesechess\dist\chinesechess.exe
c:\users\elpter\desktop\chinesechess-debug\chinesechess 2020-7-19 unfix\chinesechess\dist\chinesechess.pdb
c:\users\elpter\desktop\chinesechess-debug\chinesechess 2020-7-19 unfix\chinesechess\chinesechess\release\chinesechess.res
d:\象棋\chinesechess-debug 版本管理\chinesechess 2020-8-3 双线程\chinesechess 2020-7-19 unfix\chinesechess\chinesechess\release\api.obj
d:\象棋\chinesechess-debug 版本管理\chinesechess 2020-8-3 双线程\chinesechess 2020-7-19 unfix\chinesechess\chinesechess\release\arr_board.obj
d:\象棋\chinesechess-debug 版本管理\chinesechess 2020-8-3 双线程\chinesechess 2020-7-19 unfix\chinesechess\chinesechess\release\crule.obj
d:\象棋\chinesechess-debug 版本管理\chinesechess 2020-8-3 双线程\chinesechess 2020-7-19 unfix\chinesechess\chinesechess\release\debug.obj
d:\象棋\chinesechess-debug 版本管理\chinesechess 2020-8-3 双线程\chinesechess 2020-7-19 unfix\chinesechess\chinesechess\release\editcontrol_append.obj
d:\象棋\chinesechess-debug 版本管理\chinesechess 2020-8-3 双线程\chinesechess 2020-7-19 unfix\chinesechess\chinesechess\release\evaluate.obj
d:\象棋\chinesechess-debug 版本管理\chinesechess 2020-8-3 双线程\chinesechess 2020-7-19 unfix\chinesechess\chinesechess\release\gui.obj
d:\象棋\chinesechess-debug 版本管理\chinesechess 2020-8-3 双线程\chinesechess 2020-7-19 unfix\chinesechess\chinesechess\release\main.obj
d:\象棋\chinesechess-debug 版本管理\chinesechess 2020-8-3 双线程\chinesechess 2020-7-19 unfix\chinesechess\chinesechess\release\register.obj
d:\象棋\chinesechess-debug 版本管理\chinesechess 2020-8-3 双线程\chinesechess 2020-7-19 unfix\chinesechess\chinesechess\release\search.obj
d:\象棋\chinesechess-debug 版本管理\chinesechess 2020-8-3 双线程\chinesechess 2020-7-19 unfix\chinesechess\chinesechess\release\thread.obj
d:\象棋\chinesechess-debug 版本管理\chinesechess 2020-8-3 双线程\chinesechess 2020-7-19 unfix\chinesechess\chinesechess\release\chinesechess.res
d:\象棋\chinesechess-debug 版本管理\chinesechess 2020-8-3 双线程\chinesechess 2020-7-19 unfix\chinesechess\chinesechess\release\vc142.pdb
d:\象棋\chinesechess-debug 版本管理\chinesechess 2020-8-3 双线程\chinesechess 2020-7-19 unfix\chinesechess\dist\chinesechess.pdb
d:\象棋\chinesechess-debug 版本管理\chinesechess 2020-8-3 双线程\chinesechess 2020-7-19 unfix\chinesechess\dist\chinesechess.exe
d:\象棋\chinesechess-debug 版本管理\chinesechess 2020-8-3 双线程\chinesechess 2020-7-19 unfix\chinesechess\chinesechess\release\chinesechess.tlog\chinesechess.write.1u.tlog
d:\象棋\chinesechess-debug 版本管理\chinesechess 2020-8-3 双线程\chinesechess 2020-7-19 unfix\chinesechess\chinesechess\release\chinesechess.tlog\cl.command.1.tlog
d:\象棋\chinesechess-debug 版本管理\chinesechess 2020-8-3 双线程\chinesechess 2020-7-19 unfix\chinesechess\chinesechess\release\chinesechess.tlog\cl.read.1.tlog
d:\象棋\chinesechess-debug 版本管理\chinesechess 2020-8-3 双线程\chinesechess 2020-7-19 unfix\chinesechess\chinesechess\release\chinesechess.tlog\cl.write.1.tlog
d:\象棋\chinesechess-debug 版本管理\chinesechess 2020-8-3 双线程\chinesechess 2020-7-19 unfix\chinesechess\chinesechess\release\chinesechess.tlog\link.command.1.tlog
d:\象棋\chinesechess-debug 版本管理\chinesechess 2020-8-3 双线程\chinesechess 2020-7-19 unfix\chinesechess\chinesechess\release\chinesechess.tlog\link.read.1.tlog
d:\象棋\chinesechess-debug 版本管理\chinesechess 2020-8-3 双线程\chinesechess 2020-7-19 unfix\chinesechess\chinesechess\release\chinesechess.tlog\link.write.1.tlog
d:\象棋\chinesechess-debug 版本管理\chinesechess 2020-8-3 双线程\chinesechess 2020-7-19 unfix\chinesechess\chinesechess\release\chinesechess.tlog\rc.command.1.tlog
d:\象棋\chinesechess-debug 版本管理\chinesechess 2020-8-3 双线程\chinesechess 2020-7-19 unfix\chinesechess\chinesechess\release\chinesechess.tlog\rc.read.1.tlog
d:\象棋\chinesechess-debug 版本管理\chinesechess 2020-8-3 双线程\chinesechess 2020-7-19 unfix\chinesechess\chinesechess\release\chinesechess.tlog\rc.write.1.tlog
