c:\users\elpter\desktop\chinesechess-debug\chinesechess 2020-7-19 unfix\chinesechess\dist\chinesechess.ipdb
c:\users\elpter\desktop\chinesechess-debug\chinesechess 2020-7-19 unfix\chinesechess\dist\chinesechess.iobj
c:\users\elpter\desktop\chinesechess-debug\chinesechess 2020-7-19 unfix\chinesechess\chinesechess\debug\vc142.pdb
c:\users\elpter\desktop\chinesechess-debug\chinesechess 2020-7-19 unfix\chinesechess\chinesechess\debug\vc142.idb
c:\users\elpter\desktop\chinesechess-debug\chinesechess 2020-7-19 unfix\chinesechess\chinesechess\debug\gui.obj
c:\users\elpter\desktop\chinesechess-debug\chinesechess 2020-7-19 unfix\chinesechess\chinesechess\debug\arr_board.obj
c:\users\elpter\desktop\chinesechess-debug\chinesechess 2020-7-19 unfix\chinesechess\chinesechess\debug\thread.obj
c:\users\elpter\desktop\chinesechess-debug\chinesechess 2020-7-19 unfix\chinesechess\chinesechess\debug\search.obj
c:\users\elpter\desktop\chinesechess-debug\chinesechess 2020-7-19 unfix\chinesechess\chinesechess\debug\register.obj
c:\users\elpter\desktop\chinesechess-debug\chinesechess 2020-7-19 unfix\chinesechess\chinesechess\debug\main.obj
c:\users\elpter\desktop\chinesechess-debug\chinesechess 2020-7-19 unfix\chinesechess\chinesechess\debug\evaluate.obj
c:\users\elpter\desktop\chinesechess-debug\chinesechess 2020-7-19 unfix\chinesechess\chinesechess\debug\editcontrol_append.obj
c:\users\elpter\desktop\chinesechess-debug\chinesechess 2020-7-19 unfix\chinesechess\chinesechess\debug\debug.obj
c:\users\elpter\desktop\chinesechess-debug\chinesechess 2020-7-19 unfix\chinesechess\chinesechess\debug\crule.obj
c:\users\elpter\desktop\chinesechess-debug\chinesechess 2020-7-19 unfix\chinesechess\chinesechess\debug\api.obj
c:\users\elpter\desktop\chinesechess-debug\chinesechess 2020-7-19 unfix\chinesechess\dist\chinesechess.exe
c:\users\elpter\desktop\chinesechess-debug\chinesechess 2020-7-19 unfix\chinesechess\dist\chinesechess.ilk
c:\users\elpter\desktop\chinesechess-debug\chinesechess 2020-7-19 unfix\chinesechess\dist\chinesechess.pdb
c:\users\elpter\desktop\chinesechess-debug\chinesechess 2020-7-19 unfix\chinesechess\chinesechess\debug\chinesechess.res
c:\users\elpter\desktop\chinesechess-debug\chinesechess 2020-7-19 unfix\chinesechess\chinesechess\debug\arr_board.obj.enc
c:\users\elpter\desktop\chinesechess-debug\chinesechess 2020-7-19 unfix\chinesechess\chinesechess\debug\editcontrol_append.obj.enc
c:\users\elpter\desktop\chinesechess-debug\chinesechess 2020-7-19 unfix\chinesechess\chinesechess\debug\chinesechess.tlog\chinesechess.write.1u.tlog
c:\users\elpter\desktop\chinesechess-debug\chinesechess 2020-7-19 unfix\chinesechess\chinesechess\debug\chinesechess.tlog\cl.command.1.tlog
c:\users\elpter\desktop\chinesechess-debug\chinesechess 2020-7-19 unfix\chinesechess\chinesechess\debug\chinesechess.tlog\cl.read.1.tlog
c:\users\elpter\desktop\chinesechess-debug\chinesechess 2020-7-19 unfix\chinesechess\chinesechess\debug\chinesechess.tlog\cl.write.1.tlog
c:\users\elpter\desktop\chinesechess-debug\chinesechess 2020-7-19 unfix\chinesechess\chinesechess\debug\chinesechess.tlog\link.command.1.tlog
c:\users\elpter\desktop\chinesechess-debug\chinesechess 2020-7-19 unfix\chinesechess\chinesechess\debug\chinesechess.tlog\link.delete.1.tlog
c:\users\elpter\desktop\chinesechess-debug\chinesechess 2020-7-19 unfix\chinesechess\chinesechess\debug\chinesechess.tlog\link.read.1.tlog
c:\users\elpter\desktop\chinesechess-debug\chinesechess 2020-7-19 unfix\chinesechess\chinesechess\debug\chinesechess.tlog\link.write.1.tlog
c:\users\elpter\desktop\chinesechess-debug\chinesechess 2020-7-19 unfix\chinesechess\chinesechess\debug\chinesechess.tlog\rc.command.1.tlog
c:\users\elpter\desktop\chinesechess-debug\chinesechess 2020-7-19 unfix\chinesechess\chinesechess\debug\chinesechess.tlog\rc.read.1.tlog
c:\users\elpter\desktop\chinesechess-debug\chinesechess 2020-7-19 unfix\chinesechess\chinesechess\debug\chinesechess.tlog\rc.write.1.tlog
